09-16-2018 21:02:01.003,-,SERIAL,"COM19 - 9600/8/N/1/N"

09-16-2018 21:01:57.235,56,RECV,0D0A0D0A0D0A0D0A0D0A0D0A0D0A0D0A0D0A0D0A0D0A0D0A0D0A0D0A0D0A0D0A0D0A0D0A0D0A0D0A0D0A0D0A0D0A0D0A0D0A0D0A0D0A0D0A0D0A0D0A0D0A
09-16-2018 21:01:57.297,57,RECV,0D0A0D0A0D0A0D0A0D0A0D0A0D0A0D0A0D0A0D0A0D0A0D0A0D0A0D0A0D0A0D0A0D0A0D0A0D0A0D0A0D0A0D0A0D0A0D0A0D0A0D0A0D0A0D0A0D0A0D0A0D
09-16-2018 21:01:57.360,58,RECV,0A0D0A0D0A0D0A0D0A0D0A0D0A0D0A0D0A0D0A0D0A0D0A0D0A0D0A0D0A0D0A0D0A0D0A0D0A0D0A0D0A0D0A0D0A0D0A0D0A0D0A0D0A0D0A0D0A0D0A0D0A
09-16-2018 21:01:57.422,59,RECV,0D0A0D0A0D0A0D0A0D0A0D0A0D0A0D0A0D0A0D0A0D0A0D0A0D0A0D0A0D0A0D0A0D0A0D0A0D0A0D0A0D0A0D0A0D0A0D0A0D0A0D0A0D0A0D0A0D0A0D0A0D0A
09-16-2018 21:01:57.485,60,RECV,0D0A0D0A0D0A0D0A0D0A0D0A0D0A0D0A0D0A0D0A0D0A0D0A0D0A0D0A0D0A0D0A0D0A0D0A0D0A0D0A0D0A0D0A0D0A0D0A0D0A0D0A0D0A0D0A0D0A0D0A0D
09-16-2018 21:01:57.547,61,RECV,0A0D0A0D0A0D0A0D0A0D0A0D0A0D0A0D0A0D0A0D0A0D0A0D0A0D0A0D040A0D0A0D0A0D0A0D0A0D0A0D0A0D0A0D0A
09-16-2018 21:01:57.547,62,RECV,0D0A0D0A0D0A0D0A0D0A0D0A0D0A0D0A
09-16-2018 21:01:57.597,63,RECV,0D0A0D0A0D0A0D0A0D0A0D0A0D0A0D0A0D0A0D0A0D0A0D0A0D0A0D0A0D0A0D0A0D0A0D0A0D0A0D0A0D0A0D0A0D0A
09-16-2018 21:01:57.654,64,RECV,0D0A0D0A0D0A0D0A0D0A0D0A0D0A0D0A0D0A0D0A0D0A0D0A0D0A0D0A0D0A0D0A0D0A0D0A0D0A0D0A0D0A0D0A0D0A
09-16-2018 21:01:57.718,65,RECV,0D0A0D0A0D0A0D0A0D0A0D0A0D0A0D0A0D0A0D0A0D0A0D0A0D0A0D0A0D0A0D0A0D0A0D0A0D0A0D0A0D0A0D0A0D0A0D0A0D0A0D0A0D0A0D0A0D0A0D0A0D
09-16-2018 21:01:57.781,66,RECV,0A0D0A0D0A0D0A0D0A0D0A0D0A0D0A0D0A0D0A0D0A0D0A0D0A0D0A0D0A0D0A0D0A0D0A0D0A0D0A0D0A0D0A0D0A0D0A0D0A0D0A0D0A0D0A0D0A0D0A0D0A
09-16-2018 21:01:57.843,67,RECV,0D0A0D0A0D0A0D0A0D0A0D0A0D0A0D0A0D0A0D0A0D0A0D0A0D0A0D0A0D0A0D0A0D0A0D0A0D0A0D0A0D0A0D0A0D0A0D0A0D0A0D0A0D0A0D0A0D0A0D0A0D0A
09-16-2018 21:01:57.906,68,RECV,0D0A0D0A0D0A0D0A0D0A0D0A0D0A0D0A0D0A0D0A0D0A0D0A0D0A0D0A0D0A0D0A0D0A0D0A0D0A0D0A0D0A0D0A0D0A0D0A0D0A0D0A0D0A0D0A0D0A0D0A0D
09-16-2018 21:01:57.968,69,RECV,0A0D0A0D0A0D0A0D0A0D0A0D0A0D0A0D0A0D0A0D0A0D0A0D0A0D0A0D0A0D0A0D0A0D0A0D0A0D0A0D0A0D0A0D0A0D0A0D0A0D0A0D0A0D0A0D0A0D0A0D0A
09-16-2018 21:01:58.031,70,RECV,0D0A0D0A0D0A0D0A0D0A0D0A0D0A0D0A0D0A0D0A0D0A0D0A0D0A0D0A0D0A0D0A0D0A0D0A0D0A0D0A0D0A0D0A0D0A0D0A0D0A0D0A0D0A0D0A0D0A0D0A0D0A
09-16-2018 21:01:58.093,71,RECV,0D0A0D0A0D0A0D0A0D0A0D0A0D0A0D0A0D0A0D0A0D0A0D0A0D0A0D0A0D0A0D0A0D0A0D0A0D0A0D0A0D0A0D0A0D0A0D0A0D0A0D0A0D0A0D0A0D0A0D0A0D
09-16-2018 21:01:58.156,72,RECV,0A0D0A0D0A0D0A0D0A0D0A0D0A0D0A0D0A0D0A0D0A0D0A0D0A0D0A0D0A0D0A0D0A0D0A0D0A0D0A0D0A0D0A0D0A0D0A0D0A0D0A0D0A0D0A0D0A0D0A0D0A
09-16-2018 21:01:58.218,73,RECV,0D0A0D0A0D0A0D0A0D0A0D0A0D0A0D0A0D0A0D0A0D0A0D0A0D0A0D0A0D0A0D0A0D0A0D0A0D0A0D0A0D0A0D0A0D0A
09-16-2018 21:01:58.281,74,RECV,0D0A0D0A0D0A0D0A0D0A0D0A0D0A0D0A0D0A0D0A0D0A0D0A0D0A0D0A0D0A0D0A0D0A0D0A0D0A0D0A0D0A0D0A0D0A0D0A0D0A0D0A0D0A0D0A0D0A0D0A0D0A
09-16-2018 21:01:58.343,75,RECV,0D0A0D0A0D0A0D0A0D0A0D0A0D0A0D0A0D0A0D0A0D0A0D0A0D0A0D0A0D0A0D0A0D0A0D0A0D0A0D0A0D0A0D0A0D0A0D0A0D0A0D0A0D0A0D0A0D0A0D0A0D
09-16-2018 21:01:58.406,76,RECV,0A0D0A0D0A0D0A0D0A0D0A0D0A0D0A0D0A0D0A0D0A0D0A0D0A0D0A0D0A0D0A0D0A0D0A0D0A0D0A0D0A0D0A0D0A0D0A0D0A0D0A0D0A0D0A0D0A0D0A0D0A
09-16-2018 21:01:58.468,77,RECV,0D0A0D0A0D0A0D0A0D0A0D0A0D0A0D0A0D0A0D0A0D0A0D0A0D0A0D0A0D0A0D0A0D0A0D0A0D0A0D0A0D0A0D0A0D0A0D0A0D0A0D0A0D0A0D0A0D0A0D0A0D0A
09-16-2018 21:01:58.531,78,RECV,0D0A0D0A0D0A0D0A0D0A0D0A0D0A0D0A0D0A0D0A0D0A0D0A0D0A0D0A0D0A0D0A0D0A0D0A0D0A0D0A0D0A0D0A0D0A0D0A0D0A0D040A0D0A0D0A0D0A0D0A
09-16-2018 21:01:58.583,79,RECV,0D0A0D0A0D0A0D0A0D0A0D0A0D0A0D0A0D0A0D0A0D0A0D0A0D0A0D0A0D0A0D0A0D0A0D0A0D0A0D0A0D0A0D0A0D0A
09-16-2018 21:01:58.646,80,RECV,0D0A0D0A0D0A0D0A0D0A0D0A0D0A0D0A0D0A0D0A0D0A0D0A0D0A0D0A0D0A0D0A0D0A0D0A0D0A0D0A0D0A0D0A0D0A0D0A0D0A0D0A0D0A0D0A0D0A0D0A0D0A
09-16-2018 21:01:58.802,81,RECV,0D0A0D0A0D0A0D0A0D0A0D0A0D0A0D0A0D0A0D0A0D0A0D0A0D0A0D0A0D0A0D0A0D0A0D0A0D0A0D0A0D0A0D0A0D0A0D0A0D0A0D0A0D0A0D0A0D0A0D0A0D
09-16-2018 21:01:58.818,82,RECV,0A0D0A0D0A0D0A0D0A0D0A0D0A0D0A0D0A0D0A0D0A0D0A0D0A0D0A0D0A0D0A0D0A0D0A0D0A0D0A0D0A0D0A0D0A0D0A0D0A0D0A0D0A0D0A0D0A0D0A0D0A
09-16-2018 21:01:58.849,83,RECV,0D0A0D0A0D0A0D0A0D0A0D0A0D0A0D0A0D0A0D0A0D0A0D0A0D0A0D0A0D0A0D0A0D0A0D0A0D0A0D0A0D0A0D0A0D0A0D0A0D0A0D0A0D0A0D0A0D0A0D0A0D0A
09-16-2018 21:01:58.911,84,RECV,0D0A0D0A0D0A0D0A0D0A0D0A0D0A0D0A0D0A0D0A0D0A0D0A0D0A0D0A0D0A0D0A0D0A0D0A0D0A0D0A0D0A0D0A0D0A0D0A0D0A0D0A0D0A0D0A0D0A0D0A0D
09-16-2018 21:01:59.005,85,RECV,0A0D0A0D0A0D0A0D0A0D0A0D0A0D0A0D0A0D0A0D0A0D0A0D0A0D0A0D0A0D0A0D0A0D0A0D0A0D0A0D0A0D0A0D0A0D0A0D0A0D0A0D0A0D0A0D0A0D0A0D0A
09-16-2018 21:01:59.021,86,RECV,0D0A0D0A0D0A0D0A0D0A0D0A0D0A0D0A0D0A0D0A0D0A0D0A0D0A0D0A0D0A0D0A0D0A0D0A0D0A0D0A0D0A0D0A0D0A0D0A0D0A0D0A0D0A0D0A0D0A0D0A0D0A
09-16-2018 21:01:59.083,87,RECV,0D0A0D0A0D0A0D0A0D0A0D0A0D0A0D0A0D0A0D0A0D0A0D0A0D0A0D0A0D0A0D0A0D0A0D0A0D0A0D0A0D0A0D0A0D0A
09-16-2018 21:01:59.146,88,RECV,0D0A0D0A0D0A0D0A0D0A0D0A0D0A0D0A0D0A0D0A0D0A0D0A0D0A0D0A0D0A0D0A0D0A0D0A0D0A0D0A0D0A0D0A0D0A0D0A0D0A0D0A0D0A0D0A0D0A0D0A0D
09-16-2018 21:01:59.208,89,RECV,0A0D0A0D0A0D0A0D0A0D0A0D0A0D0A0D0A0D0A0D0A0D0A0D0A0D0A0D0A0D0A0D0A0D0A0D0A0D0A0D0A0D0A0D0A0D0A0D0A0D0A0D0A0D0A0D0A0D0A0D0A
09-16-2018 21:01:59.271,90,RECV,0D0A0D0A0D0A0D0A0D0A0D0A0D0A0D0A0D0A0D0A0D0A0D0A0D0A0D0A0D0A0D0A0D0A0D0A0D0A0D0A0D0A0D0A0D0A0D0A0D0A0D0A0D0A0D0A0D0A0D0A0D0A
09-16-2018 21:01:59.349,91,RECV,0D0A0D0A0D0A0D0A0D0A0D0A0D0A0D0A0D0A0D0A0D0A0D0A0D0A0D0A0D0A0D0A0D0A0D0A0D0A0D0A0D0A0D0A0D0A0D0A0D0A0D0A0D0A0D0A0D0A0D0A0D
09-16-2018 21:01:59.396,92,RECV,0A0D0A0D0A0D0A0D0A0D0A0D0A0D0A0D0A0D0A0D0A0D0A0D0A0D0A0D0A0D0A0D0A0D0A0D0A0D0A0D0A0D0A0D0A0D0A0D0A0D0A0D0A0D0A0D0A0D0A0D0A
09-16-2018 21:01:59.446,93,RECV,0D0A0D0A0D0A0D0A0D0A0D0A0D0A0D0A0D0A0D0A0D0A0D0A0D0A0D0A0D0A0D0A0D0A0D0A0D0A0D0A0D0A0D0A0D0A
09-16-2018 21:01:59.497,94,RECV,0D0A0D0A0D0A0D0A0D0A0D0A0D0A0D0A0D0A0D0A0D0A0D0A0D0A0D0A0D0A0D0A0D0A0D0A0D0A0D0A0D0A0D0A0D0A
09-16-2018 21:01:59.590,95,RECV,0D0A0D0A0D0A0D0A0D0A0D0A0D0A0D0A0D0A0D0A0D0A0D0A0D0A0D0A0D040A0D0A0D0A0D0A0D0A0D0A0D0A0D0A0D0A0D0A0D0A0D0A0D0A0D0A0D0A0D0A0D
09-16-2018 21:01:59.600,96,RECV,0A0D0A0D0A0D0A0D0A0D0A0D0A0D0A0D0A0D0A0D0A0D0A0D0A0D0A0D0A0D0A0D0A0D0A0D0A0D0A0D0A0D0A0D0A0D
09-16-2018 21:01:59.651,97,RECV,0A0D0A0D0A0D0A0D0A0D0A0D0A0D0A0D0A0D0A0D0A0D0A0D0A0D0A0D0A0D0A0D0A0D0A0D0A0D0A0D0A0D0A0D0A0D
09-16-2018 21:01:59.708,98,RECV,0A0D0A0D0A0D0A0D0A0D0A0D0A0D0A0D0A0D0A0D0A0D0A0D0A0D0A0D0A0D0A0D0A0D0A0D0A0D0A0D0A0D0A0D0A0D
09-16-2018 21:01:59.761,99,RECV,0A0D0A0D0A0D0A0D0A0D0A0D0A0D0A0D0A0D0A0D0A0D0A0D0A0D0A0D0A0D0A0D0A0D0A0D0A0D0A0D0A0D0A0D0A0D
09-16-2018 21:01:59.813,100,RECV,0A0D0A0D0A0D0A0D0A0D0A0D0A0D0A0D0A0D0A0D0A0D0A0D0A0D0A0D0A0D0A0D0A0D0A0D0A0D0A0D0A0D0A0D0A0D0A0D0A0D0A0D0A0D0A0D0A0D0A0D0A
09-16-2018 21:01:59.875,101,RECV,0D0A0D0A0D0A0D0A0D0A0D0A0D0A0D0A0D0A0D0A0D0A0D0A0D0A0D0A0D0A0D0A0D0A0D0A0D0A0D0A0D0A0D0A0D0A0D0A0D0A0D0A0D0A0D0A0D0A0D0A0D0A
09-16-2018 21:01:59.938,102,RECV,0D0A0D0A0D0A0D0A0D0A0D0A0D0A0D0A0D0A0D0A0D0A0D0A0D0A0D0A0D0A0D0A0D0A0D0A0D0A0D0A0D0A0D0A0D0A0D0A0D0A0D0A0D0A0D0A0D0A0D0A0D
09-16-2018 21:02:00.000,103,RECV,0A0D0A0D0A0D0A0D0A0D0A0D0A0D0A0D0A0D0A0D0A0D0A0D0A0D0A0D0A0D0A0D0A0D0A0D0A0D0A0D0A0D0A0D0A0D0A0D0A0D0A0D0A0D0A0D0A0D0A0D0A
09-16-2018 21:02:00.055,104,RECV,0D0A0D0A0D0A0D0A0D0A0D0A0D0A0D0A0D0A0D0A0D0A0D0A0D0A0D0A0D0A0D0A0D0A0D0A0D0A0D0A0D0A0D0A0D0A
09-16-2018 21:02:00.105,105,RECV,0D0A0D0A0D0A0D0A0D0A0D0A0D0A0D0A0D0A0D0A0D0A0D0A0D0A0D0A0D0A0D0A0D0A0D0A0D0A0D0A0D0A0D0A0D0A
09-16-2018 21:02:00.160,106,RECV,0D0A0D0A0D0A0D0A0D0A0D0A0D0A0D0A0D0A0D0A0D0A0D0A0D0A0D0A0D0A0D0A0D0A0D0A0D0A0D0A0D0A0D0A0D0A0D0A0D0A0D0A0D0A0D0A0D0A0D0A0D0A
09-16-2018 21:02:00.222,107,RECV,0D0A0D0A0D0A0D0A0D0A0D0A0D0A0D0A0D0A0D0A0D0A0D0A0D0A0D0A0D0A0D0A0D0A0D0A0D0A0D0A0D0A0D0A0D0A0D0A0D0A0D0A0D0A0D0A0D0A0D0A0D
09-16-2018 21:02:00.285,108,RECV,0A0D0A0D0A0D0A0D0A0D0A0D0A0D0A0D0A0D0A0D0A0D0A0D0A0D0A0D0A0D0A0D0A0D0A0D0A0D0A0D0A0D0A0D0A0D0A0D0A0D0A0D0A0D0A0D0A0D0A0D0A
09-16-2018 21:02:00.347,109,RECV,0D0A0D0A0D0A0D0A0D0A0D0A0D0A0D0A0D0A0D0A0D0A0D0A0D0A0D0A0D0A0D0A0D0A0D0A0D0A0D0A0D0A0D0A0D0A
09-16-2018 21:02:00.410,110,RECV,0D0A0D0A0D0A0D0A0D0A0D0A0D0A0D0A0D0A0D0A0D0A0D0A0D0A0D0A0D0A0D0A0D0A0D0A0D0A0D0A0D0A0D0A0D0A0D0A0D0A0D0A0D0A0D0A0D0A0D0A0D0A
09-16-2018 21:02:00.472,111,RECV,0D0A0D0A0D0A0D0A0D0A0D0A0D0A0D0A0D0A0D0A0D0A0D0A0D0A0D0A0D0A0D0A0D0A0D0A0D0A0D0A0D0A0D0A0D0A0D0A0D0A0D0A0D0A0D0A0D0A0D0A0D
09-16-2018 21:02:00.534,112,RECV,0A0D0A0D0A0D0A0D0A0D0A0D0A0D0A0D0A0D0A0D0A0D0A0D0A0D0A0D0A0D0A0D0A0D0A0D0A0D0A0D0A0D0A0D0A0D0A0D0A0D0A040D0A0D0A0D0A0D0A0D
09-16-2018 21:02:00.597,113,RECV,0A0D0A0D0A0D0A0D0A0D0A0D0A0D0A0D0A0D0A0D0A0D0A0D0A0D0A0D0A0D0A0D0A0D0A0D0A0D0A0D0A0D0A0D0A0D0A0D0A0D0A0D0A0D0A0D0A0D0A0D0A0D
09-16-2018 21:02:00.659,114,RECV,0A0D0A0D0A0D0A0D0A0D0A0D0A0D0A0D0A0D0A0D0A0D0A0D0A0D0A0D0A0D0A0D0A0D0A0D0A0D0A0D0A0D0A0D0A0D0A0D0A0D0A0D0A0D0A0D0A0D0A0D0A
09-16-2018 21:02:00.722,115,RECV,0D0A0D0A0D0A0D0A0D0A0D0A0D0A0D0A0D0A0D0A0D0A0D0A0D0A0D0A0D0A0D0A0D0A0D0A0D0A0D0A0D0A0D0A0D0A0D0A0D0A0D0A0D0A0D0A0D0A0D0A0D
09-16-2018 21:02:00.784,116,RECV,0A0D0A0D0A0D0A0D0A0D0A0D0A0D0A0D0A0D0A0D0A0D0A0D0A0D0A0D0A0D0A0D0A0D0A0D0A0D0A0D0A0D0A0D0A0D0A0D0A0D0A0D0A0D0A0D0A0D0A0D0A0D
09-16-2018 21:02:00.847,117,RECV,0A0D0A0D0A0D0A0D0A0D0A0D0A0D0A0D0A0D0A0D0A0D0A0D0A0D0A0D0A0D0A0D0A0D0A0D0A0D0A0D0A0D0A0D0A0D0A0D0A0D0A0D0A0D0A0D0A0D0A0D0A
09-16-2018 21:02:00.909,118,RECV,0D0A0D0A0D0A0D0A0D0A0D0A0D0A0D0A0D0A0D0A0D0A0D0A0D0A0D0A0D0A0D0A0D0A0D0A0D0A0D0A0D0A0D0A0D0A0D0A0D0A0D0A0D0A0D0A0D0A0D0A0D
